{"/home/natalia/Documents/projects/news_project/src/tempPolyfills.js": {"path":"/home/natalia/Documents/projects/news_project/src/tempPolyfills.js","statementMap":{"0":{"start":{"line":1,"column":13},"end":{"line":3,"column":1}},"1":{"start":{"line":2,"column":4},"end":{"line":2,"column":21}}},"fnMap":{"0":{"name":"(anonymous_0)","decl":{"start":{"line":1,"column":44},"end":{"line":1,"column":45}},"loc":{"start":{"line":1,"column":50},"end":{"line":3,"column":1}},"line":1}},"branchMap":{},"s":{"0":0,"1":0},"f":{"0":0},"b":{},"hash":"977202b7d84313efd59c62cacb9c1f75be8a3f1e"}
,"/home/natalia/Documents/projects/news_project/src/components/CategoryForm/CategoryForm.js": {"path":"/home/natalia/Documents/projects/news_project/src/components/CategoryForm/CategoryForm.js","statementMap":{"0":{"start":{"line":7,"column":24},"end":{"line":23,"column":1}},"1":{"start":{"line":8,"column":25},"end":{"line":12,"column":5}},"2":{"start":{"line":9,"column":8},"end":{"line":9,"column":27}},"3":{"start":{"line":10,"column":8},"end":{"line":10,"column":39}},"4":{"start":{"line":11,"column":8},"end":{"line":11,"column":27}},"5":{"start":{"line":14,"column":29},"end":{"line":14,"column":64}},"6":{"start":{"line":14,"column":34},"end":{"line":14,"column":64}},"7":{"start":{"line":16,"column":4},"end":{"line":22,"column":6}}},"fnMap":{"0":{"name":"(anonymous_0)","decl":{"start":{"line":7,"column":24},"end":{"line":7,"column":25}},"loc":{"start":{"line":7,"column":79},"end":{"line":23,"column":1}},"line":7},"1":{"name":"(anonymous_1)","decl":{"start":{"line":8,"column":25},"end":{"line":8,"column":26}},"loc":{"start":{"line":8,"column":32},"end":{"line":12,"column":5}},"line":8},"2":{"name":"(anonymous_2)","decl":{"start":{"line":14,"column":29},"end":{"line":14,"column":30}},"loc":{"start":{"line":14,"column":34},"end":{"line":14,"column":64}},"line":14}},"branchMap":{},"s":{"0":1,"1":10,"2":0,"3":0,"4":0,"5":10,"6":3,"7":10},"f":{"0":10,"1":0,"2":3},"b":{},"_coverageSchema":"43e27e138ebf9cfc5966b082cf9a028302ed4184","hash":"f7f5742becb17a4ffc4055b1c547151525a38434"}
,"/home/natalia/Documents/projects/news_project/src/components/CategoryForm/index.js": {"path":"/home/natalia/Documents/projects/news_project/src/components/CategoryForm/index.js","statementMap":{"0":{"start":{"line":6,"column":24},"end":{"line":8,"column":2}},"1":{"start":{"line":6,"column":36},"end":{"line":8,"column":1}},"2":{"start":{"line":10,"column":34},"end":{"line":14,"column":2}},"3":{"start":{"line":10,"column":47},"end":{"line":14,"column":1}},"4":{"start":{"line":11,"column":31},"end":{"line":11,"column":64}},"5":{"start":{"line":12,"column":34},"end":{"line":12,"column":70}}},"fnMap":{"0":{"name":"(anonymous_0)","decl":{"start":{"line":6,"column":24},"end":{"line":6,"column":25}},"loc":{"start":{"line":6,"column":36},"end":{"line":8,"column":1}},"line":6},"1":{"name":"(anonymous_1)","decl":{"start":{"line":10,"column":34},"end":{"line":10,"column":35}},"loc":{"start":{"line":10,"column":47},"end":{"line":14,"column":1}},"line":10},"2":{"name":"(anonymous_2)","decl":{"start":{"line":11,"column":20},"end":{"line":11,"column":21}},"loc":{"start":{"line":11,"column":31},"end":{"line":11,"column":64}},"line":11},"3":{"name":"(anonymous_3)","decl":{"start":{"line":12,"column":23},"end":{"line":12,"column":24}},"loc":{"start":{"line":12,"column":34},"end":{"line":12,"column":70}},"line":12}},"branchMap":{},"s":{"0":0,"1":0,"2":0,"3":0,"4":0,"5":0},"f":{"0":0,"1":0,"2":0,"3":0},"b":{},"hash":"9724db97c7eb28a715917db644482026c1a94fb2"}
,"/home/natalia/Documents/projects/news_project/src/components/LayoutModule/Layout.js": {"path":"/home/natalia/Documents/projects/news_project/src/components/LayoutModule/Layout.js","statementMap":{"0":{"start":{"line":8,"column":15},"end":{"line":18,"column":1}},"1":{"start":{"line":9,"column":20},"end":{"line":9,"column":31}},"2":{"start":{"line":10,"column":4},"end":{"line":17,"column":6}}},"fnMap":{"0":{"name":"(anonymous_0)","decl":{"start":{"line":8,"column":15},"end":{"line":8,"column":16}},"loc":{"start":{"line":8,"column":33},"end":{"line":18,"column":1}},"line":8}},"branchMap":{},"s":{"0":2,"1":1,"2":1},"f":{"0":1},"b":{},"_coverageSchema":"43e27e138ebf9cfc5966b082cf9a028302ed4184","hash":"69bdff993886e0a4c65ee22377dd39f92176f8f6"}
,"/home/natalia/Documents/projects/news_project/src/components/LayoutModule/styles.js": {"path":"/home/natalia/Documents/projects/news_project/src/components/LayoutModule/styles.js","statementMap":{"0":{"start":{"line":3,"column":25},"end":{"line":9,"column":3}},"1":{"start":{"line":3,"column":46},"end":{"line":9,"column":1}}},"fnMap":{"0":{"name":"(anonymous_0)","decl":{"start":{"line":3,"column":36},"end":{"line":3,"column":37}},"loc":{"start":{"line":3,"column":46},"end":{"line":9,"column":1}},"line":3}},"branchMap":{},"s":{"0":2,"1":1},"f":{"0":1},"b":{},"_coverageSchema":"43e27e138ebf9cfc5966b082cf9a028302ed4184","hash":"e68c172ff74949cbe46b6cbb96651534aa7ecf03"}
,"/home/natalia/Documents/projects/news_project/src/components/ListCategoriesModule/CategoriesList.js": {"path":"/home/natalia/Documents/projects/news_project/src/components/ListCategoriesModule/CategoriesList.js","statementMap":{"0":{"start":{"line":6,"column":23},"end":{"line":19,"column":1}},"1":{"start":{"line":7,"column":4},"end":{"line":18,"column":5}},"2":{"start":{"line":13,"column":58},"end":{"line":13,"column":95}}},"fnMap":{"0":{"name":"(anonymous_0)","decl":{"start":{"line":6,"column":23},"end":{"line":6,"column":24}},"loc":{"start":{"line":6,"column":52},"end":{"line":19,"column":1}},"line":6},"1":{"name":"(anonymous_1)","decl":{"start":{"line":13,"column":40},"end":{"line":13,"column":41}},"loc":{"start":{"line":13,"column":58},"end":{"line":13,"column":95}},"line":13}},"branchMap":{"0":{"loc":{"start":{"line":9,"column":13},"end":{"line":15,"column":17}},"type":"cond-expr","locations":[{"start":{"line":10,"column":18},"end":{"line":10,"column":29}},{"start":{"line":12,"column":20},"end":{"line":14,"column":27}}],"line":9}},"s":{"0":2,"1":3,"2":2},"f":{"0":3,"1":2},"b":{"0":[1,2]},"_coverageSchema":"43e27e138ebf9cfc5966b082cf9a028302ed4184","hash":"75ba776b987b02217c7dfc04031c4ffc96ae2212"}
,"/home/natalia/Documents/projects/news_project/src/components/NavModule/Link.js": {"path":"/home/natalia/Documents/projects/news_project/src/components/NavModule/Link.js","statementMap":{"0":{"start":{"line":7,"column":4},"end":{"line":11,"column":6}},"1":{"start":{"line":14,"column":16},"end":{"line":37,"column":1}},"2":{"start":{"line":15,"column":19},"end":{"line":15,"column":30}},"3":{"start":{"line":16,"column":4},"end":{"line":36,"column":5}}},"fnMap":{"0":{"name":"HomeIcon","decl":{"start":{"line":6,"column":9},"end":{"line":6,"column":17}},"loc":{"start":{"line":6,"column":25},"end":{"line":12,"column":1}},"line":6},"1":{"name":"(anonymous_1)","decl":{"start":{"line":14,"column":16},"end":{"line":14,"column":17}},"loc":{"start":{"line":14,"column":30},"end":{"line":37,"column":1}},"line":14}},"branchMap":{"0":{"loc":{"start":{"line":32,"column":28},"end":{"line":32,"column":77}},"type":"cond-expr","locations":[{"start":{"line":32,"column":55},"end":{"line":32,"column":68}},{"start":{"line":32,"column":71},"end":{"line":32,"column":77}}],"line":32}},"s":{"0":0,"1":2,"2":0,"3":0},"f":{"0":0,"1":0},"b":{"0":[0,0]},"_coverageSchema":"43e27e138ebf9cfc5966b082cf9a028302ed4184","hash":"41881ed1320f75a0872e95d1f375557693894fc3"}
,"/home/natalia/Documents/projects/news_project/src/components/NavModule/Nav.js": {"path":"/home/natalia/Documents/projects/news_project/src/components/NavModule/Nav.js","statementMap":{"0":{"start":{"line":8,"column":12},"end":{"line":20,"column":1}},"1":{"start":{"line":9,"column":4},"end":{"line":19,"column":5}}},"fnMap":{"0":{"name":"(anonymous_0)","decl":{"start":{"line":8,"column":12},"end":{"line":8,"column":13}},"loc":{"start":{"line":8,"column":18},"end":{"line":20,"column":1}},"line":8}},"branchMap":{},"s":{"0":2,"1":0},"f":{"0":0},"b":{},"_coverageSchema":"43e27e138ebf9cfc5966b082cf9a028302ed4184","hash":"144e91dd3ad2228023b40492b2b878d25d5af407"}
,"/home/natalia/Documents/projects/news_project/src/components/NewsPageModule/NewsList.js": {"path":"/home/natalia/Documents/projects/news_project/src/components/NewsPageModule/NewsList.js","statementMap":{"0":{"start":{"line":7,"column":17},"end":{"line":13,"column":1}},"1":{"start":{"line":8,"column":4},"end":{"line":12,"column":7}},"2":{"start":{"line":11,"column":47},"end":{"line":11,"column":82}}},"fnMap":{"0":{"name":"(anonymous_0)","decl":{"start":{"line":7,"column":17},"end":{"line":7,"column":18}},"loc":{"start":{"line":8,"column":4},"end":{"line":12,"column":7}},"line":8},"1":{"name":"(anonymous_1)","decl":{"start":{"line":11,"column":30},"end":{"line":11,"column":31}},"loc":{"start":{"line":11,"column":47},"end":{"line":11,"column":82}},"line":11}},"branchMap":{"0":{"loc":{"start":{"line":9,"column":9},"end":{"line":11,"column":91}},"type":"cond-expr","locations":[{"start":{"line":10,"column":14},"end":{"line":10,"column":24}},{"start":{"line":11,"column":14},"end":{"line":11,"column":91}}],"line":9}},"s":{"0":2,"1":3,"2":1},"f":{"0":3,"1":1},"b":{"0":[1,2]},"_coverageSchema":"43e27e138ebf9cfc5966b082cf9a028302ed4184","hash":"5e420b491fa6dc4d34ed0d4e93bb52adf430a6c9"}
,"/home/natalia/Documents/projects/news_project/src/components/NewsPageModule/NewsPage.js": {"path":"/home/natalia/Documents/projects/news_project/src/components/NewsPageModule/NewsPage.js","statementMap":{"0":{"start":{"line":6,"column":17},"end":{"line":10,"column":1}},"1":{"start":{"line":7,"column":4},"end":{"line":9,"column":13}}},"fnMap":{"0":{"name":"(anonymous_0)","decl":{"start":{"line":6,"column":17},"end":{"line":6,"column":18}},"loc":{"start":{"line":7,"column":4},"end":{"line":9,"column":13}},"line":7}},"branchMap":{"0":{"loc":{"start":{"line":8,"column":9},"end":{"line":8,"column":70}},"type":"cond-expr","locations":[{"start":{"line":8,"column":17},"end":{"line":8,"column":26}},{"start":{"line":8,"column":29},"end":{"line":8,"column":70}}],"line":8}},"s":{"0":1,"1":2},"f":{"0":2},"b":{"0":[1,1]},"_coverageSchema":"43e27e138ebf9cfc5966b082cf9a028302ed4184","hash":"feb801bea57ca42f2d6ac95b9cb0d2f7b9999e51"}
,"/home/natalia/Documents/projects/news_project/src/components/NewsPost/NewsPost.js": {"path":"/home/natalia/Documents/projects/news_project/src/components/NewsPost/NewsPost.js","statementMap":{"0":{"start":{"line":11,"column":18},"end":{"line":30,"column":3}},"1":{"start":{"line":11,"column":36},"end":{"line":30,"column":1}},"2":{"start":{"line":32,"column":19},"end":{"line":39,"column":3}},"3":{"start":{"line":32,"column":37},"end":{"line":39,"column":1}},"4":{"start":{"line":41,"column":17},"end":{"line":69,"column":1}},"5":{"start":{"line":42,"column":69},"end":{"line":42,"column":73}},"6":{"start":{"line":43,"column":20},"end":{"line":43,"column":31}},"7":{"start":{"line":44,"column":21},"end":{"line":44,"column":33}},"8":{"start":{"line":45,"column":4},"end":{"line":68,"column":6}}},"fnMap":{"0":{"name":"(anonymous_0)","decl":{"start":{"line":11,"column":29},"end":{"line":11,"column":30}},"loc":{"start":{"line":11,"column":36},"end":{"line":30,"column":1}},"line":11},"1":{"name":"(anonymous_1)","decl":{"start":{"line":32,"column":30},"end":{"line":32,"column":31}},"loc":{"start":{"line":32,"column":37},"end":{"line":39,"column":1}},"line":32},"2":{"name":"(anonymous_2)","decl":{"start":{"line":41,"column":17},"end":{"line":41,"column":18}},"loc":{"start":{"line":41,"column":31},"end":{"line":69,"column":1}},"line":41}},"branchMap":{"0":{"loc":{"start":{"line":50,"column":27},"end":{"line":50,"column":117}},"type":"cond-expr","locations":[{"start":{"line":50,"column":36},"end":{"line":50,"column":80}},{"start":{"line":50,"column":83},"end":{"line":50,"column":117}}],"line":50},"1":{"loc":{"start":{"line":52,"column":13},"end":{"line":58,"column":13}},"type":"binary-expr","locations":[{"start":{"line":52,"column":13},"end":{"line":52,"column":23}},{"start":{"line":53,"column":16},"end":{"line":57,"column":18}}],"line":52}},"s":{"0":2,"1":0,"2":2,"3":0,"4":2,"5":0,"6":0,"7":0,"8":0},"f":{"0":0,"1":0,"2":0},"b":{"0":[0,0],"1":[0,0]},"_coverageSchema":"43e27e138ebf9cfc5966b082cf9a028302ed4184","hash":"e06fdb6fbcad797572594cd935ff2e4adb019e79"}
,"/home/natalia/Documents/projects/news_project/src/components/helpers/Error.js": {"path":"/home/natalia/Documents/projects/news_project/src/components/helpers/Error.js","statementMap":{"0":{"start":{"line":7,"column":14},"end":{"line":13,"column":1}},"1":{"start":{"line":8,"column":4},"end":{"line":12,"column":10}}},"fnMap":{"0":{"name":"(anonymous_0)","decl":{"start":{"line":7,"column":14},"end":{"line":7,"column":15}},"loc":{"start":{"line":8,"column":4},"end":{"line":12,"column":10}},"line":8}},"branchMap":{},"s":{"0":2,"1":2},"f":{"0":2},"b":{},"_coverageSchema":"43e27e138ebf9cfc5966b082cf9a028302ed4184","hash":"9ca142c170e7df2d658e6d4cd1be024c44bbee25"}
,"/home/natalia/Documents/projects/news_project/src/components/helpers/NewsLink.js": {"path":"/home/natalia/Documents/projects/news_project/src/components/helpers/NewsLink.js","statementMap":{"0":{"start":{"line":7,"column":21},"end":{"line":16,"column":1}},"1":{"start":{"line":8,"column":20},"end":{"line":8,"column":31}},"2":{"start":{"line":9,"column":4},"end":{"line":15,"column":6}}},"fnMap":{"0":{"name":"(anonymous_0)","decl":{"start":{"line":7,"column":21},"end":{"line":7,"column":22}},"loc":{"start":{"line":7,"column":36},"end":{"line":16,"column":1}},"line":7}},"branchMap":{},"s":{"0":3,"1":2,"2":2},"f":{"0":2},"b":{},"_coverageSchema":"43e27e138ebf9cfc5966b082cf9a028302ed4184","hash":"4d7786c6d34ce600b78eecda25bd1f17539e9b01"}
,"/home/natalia/Documents/projects/news_project/src/components/helpers/NewsLinkStyles.js": {"path":"/home/natalia/Documents/projects/news_project/src/components/helpers/NewsLinkStyles.js","statementMap":{"0":{"start":{"line":3,"column":25},"end":{"line":11,"column":3}},"1":{"start":{"line":3,"column":46},"end":{"line":11,"column":1}}},"fnMap":{"0":{"name":"(anonymous_0)","decl":{"start":{"line":3,"column":36},"end":{"line":3,"column":37}},"loc":{"start":{"line":3,"column":46},"end":{"line":11,"column":1}},"line":3}},"branchMap":{},"s":{"0":3,"1":1},"f":{"0":1},"b":{},"_coverageSchema":"43e27e138ebf9cfc5966b082cf9a028302ed4184","hash":"619c1be583e5228e634f2a2744dfb36c474726c2"}
,"/home/natalia/Documents/projects/news_project/src/components/helpers/Spinner.js": {"path":"/home/natalia/Documents/projects/news_project/src/components/helpers/Spinner.js","statementMap":{"0":{"start":{"line":5,"column":16},"end":{"line":10,"column":1}},"1":{"start":{"line":6,"column":4},"end":{"line":9,"column":10}}},"fnMap":{"0":{"name":"(anonymous_0)","decl":{"start":{"line":5,"column":16},"end":{"line":5,"column":17}},"loc":{"start":{"line":6,"column":4},"end":{"line":9,"column":10}},"line":6}},"branchMap":{},"s":{"0":4,"1":2},"f":{"0":2},"b":{},"_coverageSchema":"43e27e138ebf9cfc5966b082cf9a028302ed4184","hash":"2a20d6ff722fefdc88488af32647293ea039e0f6"}
,"/home/natalia/Documents/projects/news_project/src/constants/actionTypes.js": {"path":"/home/natalia/Documents/projects/news_project/src/constants/actionTypes.js","statementMap":{"0":{"start":{"line":1,"column":27},"end":{"line":10,"column":1}}},"fnMap":{},"branchMap":{},"s":{"0":0},"f":{},"b":{},"hash":"6268d4c477e34389b4f744eada36fa7dd349399d"}
,"/home/natalia/Documents/projects/news_project/src/constants/categoriesList.js": {"path":"/home/natalia/Documents/projects/news_project/src/constants/categoriesList.js","statementMap":{"0":{"start":{"line":1,"column":26},"end":{"line":12,"column":1}}},"fnMap":{},"branchMap":{},"s":{"0":0},"f":{},"b":{},"hash":"d3188d75a8ac3f2f7d64fec497ae0b14967111e8"}
,"/home/natalia/Documents/projects/news_project/src/pages/_document.js": {"path":"/home/natalia/Documents/projects/news_project/src/pages/_document.js","statementMap":{"0":{"start":{"line":7,"column":33},"end":{"line":7,"column":66}},"1":{"start":{"line":8,"column":35},"end":{"line":8,"column":49}},"2":{"start":{"line":10,"column":8},"end":{"line":30,"column":9}},"3":{"start":{"line":11,"column":12},"end":{"line":15,"column":19}},"4":{"start":{"line":12,"column":16},"end":{"line":15,"column":18}},"5":{"start":{"line":13,"column":39},"end":{"line":14,"column":68}},"6":{"start":{"line":14,"column":24},"end":{"line":14,"column":68}},"7":{"start":{"line":17,"column":33},"end":{"line":17,"column":72}},"8":{"start":{"line":19,"column":12},"end":{"line":27,"column":13}}},"fnMap":{"0":{"name":"(anonymous_0)","decl":{"start":{"line":6,"column":4},"end":{"line":6,"column":5}},"loc":{"start":{"line":6,"column":39},"end":{"line":31,"column":5}},"line":6},"1":{"name":"(anonymous_1)","decl":{"start":{"line":11,"column":29},"end":{"line":11,"column":30}},"loc":{"start":{"line":12,"column":16},"end":{"line":15,"column":18}},"line":12},"2":{"name":"(anonymous_2)","decl":{"start":{"line":13,"column":32},"end":{"line":13,"column":33}},"loc":{"start":{"line":13,"column":39},"end":{"line":14,"column":68}},"line":13},"3":{"name":"(anonymous_3)","decl":{"start":{"line":13,"column":39},"end":{"line":13,"column":40}},"loc":{"start":{"line":14,"column":24},"end":{"line":14,"column":68}},"line":14}},"branchMap":{},"s":{"0":0,"1":0,"2":0,"3":0,"4":0,"5":0,"6":0,"7":0,"8":0},"f":{"0":0,"1":0,"2":0,"3":0},"b":{},"hash":"d7d7c1adf472efae1cc3361b7c5a534080f29a2b"}
,"/home/natalia/Documents/projects/news_project/src/pages/index.js": {"path":"/home/natalia/Documents/projects/news_project/src/pages/index.js","statementMap":{"0":{"start":{"line":9,"column":14},"end":{"line":15,"column":1}},"1":{"start":{"line":10,"column":4},"end":{"line":14,"column":13}},"2":{"start":{"line":17,"column":0},"end":{"line":22,"column":2}},"3":{"start":{"line":18,"column":22},"end":{"line":18,"column":31}},"4":{"start":{"line":19,"column":4},"end":{"line":21,"column":5}},"5":{"start":{"line":20,"column":8},"end":{"line":20,"column":57}}},"fnMap":{"0":{"name":"(anonymous_0)","decl":{"start":{"line":9,"column":14},"end":{"line":9,"column":15}},"loc":{"start":{"line":10,"column":4},"end":{"line":14,"column":13}},"line":10},"1":{"name":"(anonymous_1)","decl":{"start":{"line":17,"column":24},"end":{"line":17,"column":25}},"loc":{"start":{"line":17,"column":41},"end":{"line":22,"column":1}},"line":17}},"branchMap":{"0":{"loc":{"start":{"line":19,"column":4},"end":{"line":21,"column":5}},"type":"if","locations":[{"start":{"line":19,"column":4},"end":{"line":21,"column":5}},{"start":{"line":19,"column":4},"end":{"line":21,"column":5}}],"line":19}},"s":{"0":0,"1":0,"2":0,"3":0,"4":0,"5":0},"f":{"0":0,"1":0},"b":{"0":[0,0]},"hash":"2be613517d54d8f8e447059acd35deababbde2f1"}
,"/home/natalia/Documents/projects/news_project/src/pages/news/index.js": {"path":"/home/natalia/Documents/projects/news_project/src/pages/news/index.js","statementMap":{"0":{"start":{"line":7,"column":21},"end":{"line":9,"column":1}},"1":{"start":{"line":8,"column":5},"end":{"line":8,"column":16}},"2":{"start":{"line":11,"column":0},"end":{"line":15,"column":2}},"3":{"start":{"line":12,"column":29},"end":{"line":12,"column":38}},"4":{"start":{"line":13,"column":4},"end":{"line":13,"column":61}},"5":{"start":{"line":14,"column":4},"end":{"line":14,"column":37}}},"fnMap":{"0":{"name":"(anonymous_0)","decl":{"start":{"line":7,"column":21},"end":{"line":7,"column":22}},"loc":{"start":{"line":8,"column":5},"end":{"line":8,"column":16}},"line":8},"1":{"name":"(anonymous_1)","decl":{"start":{"line":11,"column":31},"end":{"line":11,"column":32}},"loc":{"start":{"line":11,"column":48},"end":{"line":15,"column":1}},"line":11}},"branchMap":{},"s":{"0":0,"1":0,"2":0,"3":0,"4":0,"5":0},"f":{"0":0,"1":0},"b":{},"hash":"29bec51d1f8d17ebb63cffffc9d15d6523030bed"}
,"/home/natalia/Documents/projects/news_project/src/redux/store.js": {"path":"/home/natalia/Documents/projects/news_project/src/redux/store.js","statementMap":{"0":{"start":{"line":7,"column":23},"end":{"line":7,"column":45}},"1":{"start":{"line":9,"column":18},"end":{"line":20,"column":1}},"2":{"start":{"line":23,"column":21},"end":{"line":23,"column":50}},"3":{"start":{"line":24,"column":23},"end":{"line":28,"column":55}},"4":{"start":{"line":29,"column":18},"end":{"line":33,"column":5}},"5":{"start":{"line":34,"column":4},"end":{"line":36,"column":6}},"6":{"start":{"line":35,"column":8},"end":{"line":35,"column":54}},"7":{"start":{"line":37,"column":4},"end":{"line":37,"column":24}},"8":{"start":{"line":38,"column":4},"end":{"line":38,"column":17}}},"fnMap":{"0":{"name":"configureStore","decl":{"start":{"line":22,"column":9},"end":{"line":22,"column":23}},"loc":{"start":{"line":22,"column":50},"end":{"line":39,"column":1}},"line":22},"1":{"name":"(anonymous_1)","decl":{"start":{"line":34,"column":24},"end":{"line":34,"column":25}},"loc":{"start":{"line":34,"column":30},"end":{"line":36,"column":5}},"line":34}},"branchMap":{"0":{"loc":{"start":{"line":22,"column":24},"end":{"line":22,"column":48}},"type":"default-arg","locations":[{"start":{"line":22,"column":39},"end":{"line":22,"column":48}}],"line":22},"1":{"loc":{"start":{"line":24,"column":23},"end":{"line":28,"column":55}},"type":"cond-expr","locations":[{"start":{"line":25,"column":10},"end":{"line":25,"column":41}},{"start":{"line":26,"column":11},"end":{"line":28,"column":54}}],"line":24},"2":{"loc":{"start":{"line":24,"column":23},"end":{"line":24,"column":88}},"type":"binary-expr","locations":[{"start":{"line":24,"column":23},"end":{"line":24,"column":31}},{"start":{"line":24,"column":35},"end":{"line":24,"column":88}}],"line":24},"3":{"loc":{"start":{"line":26,"column":11},"end":{"line":28,"column":54}},"type":"cond-expr","locations":[{"start":{"line":27,"column":14},"end":{"line":27,"column":93}},{"start":{"line":28,"column":14},"end":{"line":28,"column":54}}],"line":26}},"s":{"0":0,"1":0,"2":0,"3":0,"4":0,"5":0,"6":0,"7":0,"8":0},"f":{"0":0,"1":0},"b":{"0":[0],"1":[0,0],"2":[0,0],"3":[0,0]},"hash":"901e0aa875b750663d60cf87db250bd04e36518a"}
,"/home/natalia/Documents/projects/news_project/src/redux/Categories/categoryDataReducer.js": {"path":"/home/natalia/Documents/projects/news_project/src/redux/Categories/categoryDataReducer.js","statementMap":{"0":{"start":{"line":4,"column":4},"end":{"line":15,"column":5}},"1":{"start":{"line":6,"column":12},"end":{"line":6,"column":58}},"2":{"start":{"line":8,"column":12},"end":{"line":8,"column":54}},"3":{"start":{"line":10,"column":12},"end":{"line":10,"column":53}},"4":{"start":{"line":12,"column":12},"end":{"line":12,"column":75}},"5":{"start":{"line":14,"column":12},"end":{"line":14,"column":24}}},"fnMap":{"0":{"name":"categoryDataReducer","decl":{"start":{"line":3,"column":9},"end":{"line":3,"column":28}},"loc":{"start":{"line":3,"column":60},"end":{"line":16,"column":1}},"line":3}},"branchMap":{"0":{"loc":{"start":{"line":3,"column":29},"end":{"line":3,"column":39}},"type":"default-arg","locations":[{"start":{"line":3,"column":37},"end":{"line":3,"column":39}}],"line":3},"1":{"loc":{"start":{"line":4,"column":4},"end":{"line":15,"column":5}},"type":"switch","locations":[{"start":{"line":5,"column":7},"end":{"line":6,"column":58}},{"start":{"line":7,"column":8},"end":{"line":8,"column":54}},{"start":{"line":9,"column":8},"end":{"line":10,"column":53}},{"start":{"line":11,"column":8},"end":{"line":12,"column":75}},{"start":{"line":13,"column":8},"end":{"line":14,"column":24}}],"line":4}},"s":{"0":0,"1":0,"2":0,"3":0,"4":0,"5":0},"f":{"0":0},"b":{"0":[0],"1":[0,0,0,0,0]},"hash":"403db69ba7d3e1335e8e5773213bc3542f6fbf11"}
,"/home/natalia/Documents/projects/news_project/src/redux/Categories/selector.js": {"path":"/home/natalia/Documents/projects/news_project/src/redux/Categories/selector.js","statementMap":{"0":{"start":{"line":3,"column":24},"end":{"line":3,"column":53}},"1":{"start":{"line":3,"column":35},"end":{"line":3,"column":53}},"2":{"start":{"line":5,"column":34},"end":{"line":8,"column":1}},"3":{"start":{"line":7,"column":22},"end":{"line":7,"column":50}},"4":{"start":{"line":9,"column":29},"end":{"line":12,"column":1}},"5":{"start":{"line":11,"column":22},"end":{"line":11,"column":45}},"6":{"start":{"line":13,"column":30},"end":{"line":16,"column":1}},"7":{"start":{"line":15,"column":22},"end":{"line":15,"column":46}}},"fnMap":{"0":{"name":"(anonymous_0)","decl":{"start":{"line":3,"column":24},"end":{"line":3,"column":25}},"loc":{"start":{"line":3,"column":35},"end":{"line":3,"column":53}},"line":3},"1":{"name":"(anonymous_1)","decl":{"start":{"line":7,"column":4},"end":{"line":7,"column":5}},"loc":{"start":{"line":7,"column":22},"end":{"line":7,"column":50}},"line":7},"2":{"name":"(anonymous_2)","decl":{"start":{"line":11,"column":4},"end":{"line":11,"column":5}},"loc":{"start":{"line":11,"column":22},"end":{"line":11,"column":45}},"line":11},"3":{"name":"(anonymous_3)","decl":{"start":{"line":15,"column":4},"end":{"line":15,"column":5}},"loc":{"start":{"line":15,"column":22},"end":{"line":15,"column":46}},"line":15}},"branchMap":{},"s":{"0":0,"1":0,"2":0,"3":0,"4":0,"5":0,"6":0,"7":0},"f":{"0":0,"1":0,"2":0,"3":0},"b":{},"hash":"dcbf4aba7b186c0018f6d778af992102b156dda2"}
,"/home/natalia/Documents/projects/news_project/src/redux/News/actions.js": {"path":"/home/natalia/Documents/projects/news_project/src/redux/News/actions.js","statementMap":{"0":{"start":{"line":4,"column":4},"end":{"line":6,"column":5}},"1":{"start":{"line":10,"column":4},"end":{"line":12,"column":5}},"2":{"start":{"line":16,"column":4},"end":{"line":19,"column":5}}},"fnMap":{"0":{"name":"failure","decl":{"start":{"line":3,"column":16},"end":{"line":3,"column":23}},"loc":{"start":{"line":3,"column":26},"end":{"line":7,"column":1}},"line":3},"1":{"name":"loadNews","decl":{"start":{"line":9,"column":16},"end":{"line":9,"column":24}},"loc":{"start":{"line":9,"column":27},"end":{"line":13,"column":1}},"line":9},"2":{"name":"loadNewsSuccess","decl":{"start":{"line":15,"column":16},"end":{"line":15,"column":31}},"loc":{"start":{"line":15,"column":38},"end":{"line":20,"column":1}},"line":15}},"branchMap":{},"s":{"0":0,"1":0,"2":0},"f":{"0":0,"1":0,"2":0},"b":{},"hash":"bae751eba8dc5e4b9a747a1653b9e70061328507"}
,"/home/natalia/Documents/projects/news_project/src/redux/News/newsReducer.js": {"path":"/home/natalia/Documents/projects/news_project/src/redux/News/newsReducer.js","statementMap":{"0":{"start":{"line":4,"column":4},"end":{"line":13,"column":5}},"1":{"start":{"line":6,"column":12},"end":{"line":6,"column":60}},"2":{"start":{"line":8,"column":12},"end":{"line":8,"column":46}},"3":{"start":{"line":10,"column":12},"end":{"line":10,"column":82}},"4":{"start":{"line":12,"column":12},"end":{"line":12,"column":24}}},"fnMap":{"0":{"name":"newsReducer","decl":{"start":{"line":3,"column":9},"end":{"line":3,"column":20}},"loc":{"start":{"line":3,"column":51},"end":{"line":14,"column":1}},"line":3}},"branchMap":{"0":{"loc":{"start":{"line":3,"column":21},"end":{"line":3,"column":31}},"type":"default-arg","locations":[{"start":{"line":3,"column":29},"end":{"line":3,"column":31}}],"line":3},"1":{"loc":{"start":{"line":4,"column":4},"end":{"line":13,"column":5}},"type":"switch","locations":[{"start":{"line":5,"column":8},"end":{"line":6,"column":60}},{"start":{"line":7,"column":8},"end":{"line":8,"column":46}},{"start":{"line":9,"column":8},"end":{"line":10,"column":82}},{"start":{"line":11,"column":8},"end":{"line":12,"column":24}}],"line":4}},"s":{"0":0,"1":0,"2":0,"3":0,"4":0},"f":{"0":0},"b":{"0":[0],"1":[0,0,0,0]},"hash":"3a61b7d5ea7ea498594224fa1321556f1dc19e54"}
,"/home/natalia/Documents/projects/news_project/src/redux/News/saga.js": {"path":"/home/natalia/Documents/projects/news_project/src/redux/News/saga.js","statementMap":{"0":{"start":{"line":8,"column":28},"end":{"line":8,"column":76}},"1":{"start":{"line":8,"column":50},"end":{"line":8,"column":75}},"2":{"start":{"line":9,"column":4},"end":{"line":14,"column":5}},"3":{"start":{"line":10,"column":29},"end":{"line":10,"column":65}},"4":{"start":{"line":11,"column":8},"end":{"line":11,"column":45}},"5":{"start":{"line":13,"column":8},"end":{"line":13,"column":32}},"6":{"start":{"line":18,"column":4},"end":{"line":18,"column":57}}},"fnMap":{"0":{"name":"loadNewsSaga","decl":{"start":{"line":7,"column":10},"end":{"line":7,"column":22}},"loc":{"start":{"line":7,"column":25},"end":{"line":15,"column":1}},"line":7},"1":{"name":"(anonymous_1)","decl":{"start":{"line":8,"column":41},"end":{"line":8,"column":42}},"loc":{"start":{"line":8,"column":50},"end":{"line":8,"column":75}},"line":8},"2":{"name":"newsWatcher","decl":{"start":{"line":17,"column":10},"end":{"line":17,"column":21}},"loc":{"start":{"line":17,"column":24},"end":{"line":19,"column":1}},"line":17}},"branchMap":{},"s":{"0":0,"1":0,"2":0,"3":0,"4":0,"5":0,"6":0},"f":{"0":0,"1":0,"2":0},"b":{},"hash":"436f10f37247f0a77cde35b7181d2f1fe537e539"}
,"/home/natalia/Documents/projects/news_project/src/redux/root/rootSaga.js": {"path":"/home/natalia/Documents/projects/news_project/src/redux/root/rootSaga.js","statementMap":{"0":{"start":{"line":4,"column":18},"end":{"line":6,"column":1}},"1":{"start":{"line":9,"column":4},"end":{"line":9,"column":49}},"2":{"start":{"line":9,"column":36},"end":{"line":9,"column":46}}},"fnMap":{"0":{"name":"watchRootSaga","decl":{"start":{"line":8,"column":25},"end":{"line":8,"column":38}},"loc":{"start":{"line":8,"column":41},"end":{"line":10,"column":1}},"line":8},"1":{"name":"(anonymous_1)","decl":{"start":{"line":9,"column":28},"end":{"line":9,"column":29}},"loc":{"start":{"line":9,"column":36},"end":{"line":9,"column":46}},"line":9}},"branchMap":{},"s":{"0":0,"1":0,"2":0},"f":{"0":0,"1":0},"b":{},"hash":"d66098b051892eae227402825e20a6ca0c775792"}
,"/home/natalia/Documents/projects/news_project/src/redux/services/apiRequest.js": {"path":"/home/natalia/Documents/projects/news_project/src/redux/services/apiRequest.js","statementMap":{"0":{"start":{"line":2,"column":0},"end":{"line":2,"column":46}},"1":{"start":{"line":3,"column":15},"end":{"line":3,"column":49}},"2":{"start":{"line":4,"column":18},"end":{"line":7,"column":23}},"3":{"start":{"line":9,"column":29},"end":{"line":21,"column":1}},"4":{"start":{"line":10,"column":4},"end":{"line":20,"column":5}},"5":{"start":{"line":11,"column":25},"end":{"line":12,"column":77}},"6":{"start":{"line":13,"column":8},"end":{"line":15,"column":9}},"7":{"start":{"line":14,"column":12},"end":{"line":14,"column":31}},"8":{"start":{"line":16,"column":8},"end":{"line":16,"column":20}},"9":{"start":{"line":18,"column":8},"end":{"line":18,"column":27}},"10":{"start":{"line":19,"column":8},"end":{"line":19,"column":29}}},"fnMap":{"0":{"name":"(anonymous_0)","decl":{"start":{"line":9,"column":29},"end":{"line":9,"column":30}},"loc":{"start":{"line":9,"column":47},"end":{"line":21,"column":1}},"line":9}},"branchMap":{"0":{"loc":{"start":{"line":13,"column":8},"end":{"line":15,"column":9}},"type":"if","locations":[{"start":{"line":13,"column":8},"end":{"line":15,"column":9}},{"start":{"line":13,"column":8},"end":{"line":15,"column":9}}],"line":13}},"s":{"0":0,"1":0,"2":0,"3":0,"4":0,"5":0,"6":0,"7":0,"8":0,"9":0,"10":0},"f":{"0":0},"b":{"0":[0,0]},"hash":"cc35b10619b22d68824399859f2c265bee20b584"}
}
