TN:
SF:/home/natalia/Documents/projects/news_project/src/tempPolyfills.js
FN:1,(anonymous_0)
FNF:1
FNH:0
FNDA:0,(anonymous_0)
DA:1,0
DA:2,0
LF:2
LH:0
BRF:0
BRH:0
end_of_record
TN:
SF:/home/natalia/Documents/projects/news_project/src/components/CategoryForm/CategoryForm.js
FN:7,(anonymous_0)
FN:8,(anonymous_1)
FN:14,(anonymous_2)
FNF:3
FNH:2
FNDA:10,(anonymous_0)
FNDA:0,(anonymous_1)
FNDA:3,(anonymous_2)
DA:7,1
DA:8,10
DA:9,0
DA:10,0
DA:11,0
DA:14,10
DA:16,10
LF:7
LH:4
BRF:0
BRH:0
end_of_record
TN:
SF:/home/natalia/Documents/projects/news_project/src/components/CategoryForm/index.js
FN:6,(anonymous_0)
FN:10,(anonymous_1)
FN:11,(anonymous_2)
FN:12,(anonymous_3)
FNF:4
FNH:0
FNDA:0,(anonymous_0)
FNDA:0,(anonymous_1)
FNDA:0,(anonymous_2)
FNDA:0,(anonymous_3)
DA:6,0
DA:10,0
DA:11,0
DA:12,0
LF:4
LH:0
BRF:0
BRH:0
end_of_record
TN:
SF:/home/natalia/Documents/projects/news_project/src/components/LayoutModule/Layout.js
FN:8,(anonymous_0)
FNF:1
FNH:1
FNDA:1,(anonymous_0)
DA:8,2
DA:9,1
DA:10,1
LF:3
LH:3
BRF:0
BRH:0
end_of_record
TN:
SF:/home/natalia/Documents/projects/news_project/src/components/LayoutModule/styles.js
FN:3,(anonymous_0)
FNF:1
FNH:1
FNDA:1,(anonymous_0)
DA:3,2
LF:1
LH:1
BRF:0
BRH:0
end_of_record
TN:
SF:/home/natalia/Documents/projects/news_project/src/components/ListCategoriesModule/CategoriesList.js
FN:6,(anonymous_0)
FN:13,(anonymous_1)
FNF:2
FNH:2
FNDA:3,(anonymous_0)
FNDA:2,(anonymous_1)
DA:6,2
DA:7,3
DA:13,2
LF:3
LH:3
BRDA:9,0,0,1
BRDA:9,0,1,2
BRF:2
BRH:2
end_of_record
TN:
SF:/home/natalia/Documents/projects/news_project/src/components/NavModule/Link.js
FN:6,HomeIcon
FN:14,(anonymous_1)
FNF:2
FNH:0
FNDA:0,HomeIcon
FNDA:0,(anonymous_1)
DA:7,0
DA:14,2
DA:15,0
DA:16,0
LF:4
LH:1
BRDA:32,0,0,0
BRDA:32,0,1,0
BRF:2
BRH:0
end_of_record
TN:
SF:/home/natalia/Documents/projects/news_project/src/components/NavModule/Nav.js
FN:8,(anonymous_0)
FNF:1
FNH:0
FNDA:0,(anonymous_0)
DA:8,2
DA:9,0
LF:2
LH:1
BRF:0
BRH:0
end_of_record
TN:
SF:/home/natalia/Documents/projects/news_project/src/components/NewsPageModule/NewsList.js
FN:7,(anonymous_0)
FN:11,(anonymous_1)
FNF:2
FNH:2
FNDA:3,(anonymous_0)
FNDA:1,(anonymous_1)
DA:7,2
DA:8,3
DA:11,1
LF:3
LH:3
BRDA:9,0,0,1
BRDA:9,0,1,2
BRF:2
BRH:2
end_of_record
TN:
SF:/home/natalia/Documents/projects/news_project/src/components/NewsPageModule/NewsPage.js
FN:6,(anonymous_0)
FNF:1
FNH:1
FNDA:2,(anonymous_0)
DA:6,1
DA:7,2
LF:2
LH:2
BRDA:8,0,0,1
BRDA:8,0,1,1
BRF:2
BRH:2
end_of_record
TN:
SF:/home/natalia/Documents/projects/news_project/src/components/NewsPost/NewsPost.js
FN:11,(anonymous_0)
FN:32,(anonymous_1)
FN:41,(anonymous_2)
FNF:3
FNH:0
FNDA:0,(anonymous_0)
FNDA:0,(anonymous_1)
FNDA:0,(anonymous_2)
DA:11,2
DA:32,2
DA:41,2
DA:42,0
DA:43,0
DA:44,0
DA:45,0
LF:7
LH:3
BRDA:50,0,0,0
BRDA:50,0,1,0
BRDA:52,1,0,0
BRDA:52,1,1,0
BRF:4
BRH:0
end_of_record
TN:
SF:/home/natalia/Documents/projects/news_project/src/components/helpers/Error.js
FN:7,(anonymous_0)
FNF:1
FNH:1
FNDA:2,(anonymous_0)
DA:7,2
DA:8,2
LF:2
LH:2
BRF:0
BRH:0
end_of_record
TN:
SF:/home/natalia/Documents/projects/news_project/src/components/helpers/NewsLink.js
FN:7,(anonymous_0)
FNF:1
FNH:1
FNDA:2,(anonymous_0)
DA:7,3
DA:8,2
DA:9,2
LF:3
LH:3
BRF:0
BRH:0
end_of_record
TN:
SF:/home/natalia/Documents/projects/news_project/src/components/helpers/NewsLinkStyles.js
FN:3,(anonymous_0)
FNF:1
FNH:1
FNDA:1,(anonymous_0)
DA:3,3
LF:1
LH:1
BRF:0
BRH:0
end_of_record
TN:
SF:/home/natalia/Documents/projects/news_project/src/components/helpers/Spinner.js
FN:5,(anonymous_0)
FNF:1
FNH:1
FNDA:2,(anonymous_0)
DA:5,4
DA:6,2
LF:2
LH:2
BRF:0
BRH:0
end_of_record
TN:
SF:/home/natalia/Documents/projects/news_project/src/constants/actionTypes.js
FNF:0
FNH:0
DA:1,0
LF:1
LH:0
BRF:0
BRH:0
end_of_record
TN:
SF:/home/natalia/Documents/projects/news_project/src/constants/categoriesList.js
FNF:0
FNH:0
DA:1,0
LF:1
LH:0
BRF:0
BRH:0
end_of_record
TN:
SF:/home/natalia/Documents/projects/news_project/src/pages/_document.js
FN:6,(anonymous_0)
FN:11,(anonymous_1)
FN:13,(anonymous_2)
FN:13,(anonymous_3)
FNF:4
FNH:0
FNDA:0,(anonymous_0)
FNDA:0,(anonymous_1)
FNDA:0,(anonymous_2)
FNDA:0,(anonymous_3)
DA:7,0
DA:8,0
DA:10,0
DA:11,0
DA:12,0
DA:13,0
DA:14,0
DA:17,0
DA:19,0
LF:9
LH:0
BRF:0
BRH:0
end_of_record
TN:
SF:/home/natalia/Documents/projects/news_project/src/pages/index.js
FN:9,(anonymous_0)
FN:17,(anonymous_1)
FNF:2
FNH:0
FNDA:0,(anonymous_0)
FNDA:0,(anonymous_1)
DA:9,0
DA:10,0
DA:17,0
DA:18,0
DA:19,0
DA:20,0
LF:6
LH:0
BRDA:19,0,0,0
BRDA:19,0,1,0
BRF:2
BRH:0
end_of_record
TN:
SF:/home/natalia/Documents/projects/news_project/src/pages/news/index.js
FN:7,(anonymous_0)
FN:11,(anonymous_1)
FNF:2
FNH:0
FNDA:0,(anonymous_0)
FNDA:0,(anonymous_1)
DA:7,0
DA:8,0
DA:11,0
DA:12,0
DA:13,0
DA:14,0
LF:6
LH:0
BRF:0
BRH:0
end_of_record
TN:
SF:/home/natalia/Documents/projects/news_project/src/redux/store.js
FN:22,configureStore
FN:34,(anonymous_1)
FNF:2
FNH:0
FNDA:0,configureStore
FNDA:0,(anonymous_1)
DA:7,0
DA:9,0
DA:23,0
DA:24,0
DA:29,0
DA:34,0
DA:35,0
DA:37,0
DA:38,0
LF:9
LH:0
BRDA:22,0,0,0
BRDA:24,1,0,0
BRDA:24,1,1,0
BRDA:24,2,0,0
BRDA:24,2,1,0
BRDA:26,3,0,0
BRDA:26,3,1,0
BRF:7
BRH:0
end_of_record
TN:
SF:/home/natalia/Documents/projects/news_project/src/redux/Categories/categoryDataReducer.js
FN:3,categoryDataReducer
FNF:1
FNH:0
FNDA:0,categoryDataReducer
DA:4,0
DA:6,0
DA:8,0
DA:10,0
DA:12,0
DA:14,0
LF:6
LH:0
BRDA:3,0,0,0
BRDA:4,1,0,0
BRDA:4,1,1,0
BRDA:4,1,2,0
BRDA:4,1,3,0
BRDA:4,1,4,0
BRF:6
BRH:0
end_of_record
TN:
SF:/home/natalia/Documents/projects/news_project/src/redux/Categories/selector.js
FN:3,(anonymous_0)
FN:7,(anonymous_1)
FN:11,(anonymous_2)
FN:15,(anonymous_3)
FNF:4
FNH:0
FNDA:0,(anonymous_0)
FNDA:0,(anonymous_1)
FNDA:0,(anonymous_2)
FNDA:0,(anonymous_3)
DA:3,0
DA:5,0
DA:7,0
DA:9,0
DA:11,0
DA:13,0
DA:15,0
LF:7
LH:0
BRF:0
BRH:0
end_of_record
TN:
SF:/home/natalia/Documents/projects/news_project/src/redux/News/actions.js
FN:3,failure
FN:9,loadNews
FN:15,loadNewsSuccess
FNF:3
FNH:0
FNDA:0,failure
FNDA:0,loadNews
FNDA:0,loadNewsSuccess
DA:4,0
DA:10,0
DA:16,0
LF:3
LH:0
BRF:0
BRH:0
end_of_record
TN:
SF:/home/natalia/Documents/projects/news_project/src/redux/News/newsReducer.js
FN:3,newsReducer
FNF:1
FNH:0
FNDA:0,newsReducer
DA:4,0
DA:6,0
DA:8,0
DA:10,0
DA:12,0
LF:5
LH:0
BRDA:3,0,0,0
BRDA:4,1,0,0
BRDA:4,1,1,0
BRDA:4,1,2,0
BRDA:4,1,3,0
BRF:5
BRH:0
end_of_record
TN:
SF:/home/natalia/Documents/projects/news_project/src/redux/News/saga.js
FN:7,loadNewsSaga
FN:8,(anonymous_1)
FN:17,newsWatcher
FNF:3
FNH:0
FNDA:0,loadNewsSaga
FNDA:0,(anonymous_1)
FNDA:0,newsWatcher
DA:8,0
DA:9,0
DA:10,0
DA:11,0
DA:13,0
DA:18,0
LF:6
LH:0
BRF:0
BRH:0
end_of_record
TN:
SF:/home/natalia/Documents/projects/news_project/src/redux/root/rootSaga.js
FN:8,watchRootSaga
FN:9,(anonymous_1)
FNF:2
FNH:0
FNDA:0,watchRootSaga
FNDA:0,(anonymous_1)
DA:4,0
DA:9,0
LF:2
LH:0
BRF:0
BRH:0
end_of_record
TN:
SF:/home/natalia/Documents/projects/news_project/src/redux/services/apiRequest.js
FN:9,(anonymous_0)
FNF:1
FNH:0
FNDA:0,(anonymous_0)
DA:2,0
DA:3,0
DA:4,0
DA:9,0
DA:10,0
DA:11,0
DA:13,0
DA:14,0
DA:16,0
DA:18,0
DA:19,0
LF:11
LH:0
BRDA:13,0,0,0
BRDA:13,0,1,0
BRF:2
BRH:0
end_of_record
